C:\tools\MRE_SDK_V3\lib\MRE30\src\rvctmain.c
c:\Users\anon\Desktop\GUI\bitcoin_mre.cpp
c:\Users\anon\Desktop\GUI\MRE_API_Tests.c
c:\Users\anon\Desktop\GUI\mre_display.c
c:\Users\anon\Desktop\GUI\mre_io.c
c:\Users\anon\Desktop\GUI\mre_menu.c
c:\Users\anon\Desktop\GUI\nuklear_mre.c
c:\Users\anon\Desktop\GUI\src\uBitcoin\src\BaseClasses.cpp
c:\Users\anon\Desktop\GUI\src\uBitcoin\src\Bitcoin.cpp
c:\Users\anon\Desktop\GUI\src\uBitcoin\src\BitcoinCurve.cpp
c:\Users\anon\Desktop\GUI\src\uBitcoin\src\Conversion.cpp
c:\Users\anon\Desktop\GUI\src\uBitcoin\src\Electrum.cpp
c:\Users\anon\Desktop\GUI\src\uBitcoin\src\Hash.cpp
c:\Users\anon\Desktop\GUI\src\uBitcoin\src\HDWallet.cpp
c:\Users\anon\Desktop\GUI\src\uBitcoin\src\PSBT.cpp
c:\Users\anon\Desktop\GUI\src\uBitcoin\src\Script.cpp
c:\Users\anon\Desktop\GUI\src\uBitcoin\src\Transaction.cpp
c:\Users\anon\Desktop\GUI\src\uBitcoin\src\utility\segwit_addr.c
c:\Users\anon\Desktop\GUI\src\uBitcoin\src\utility\trezor\address.c
c:\Users\anon\Desktop\GUI\src\uBitcoin\src\utility\trezor\base58.c
c:\Users\anon\Desktop\GUI\src\uBitcoin\src\utility\trezor\bignum.c
c:\Users\anon\Desktop\GUI\src\uBitcoin\src\utility\trezor\bip39.c
c:\Users\anon\Desktop\GUI\src\uBitcoin\src\utility\trezor\chacha_drbg.c
c:\Users\anon\Desktop\GUI\src\uBitcoin\src\utility\trezor\ecdsa.c
c:\Users\anon\Desktop\GUI\src\uBitcoin\src\utility\trezor\hasher.c
c:\Users\anon\Desktop\GUI\src\uBitcoin\src\utility\trezor\hmac.c
c:\Users\anon\Desktop\GUI\src\uBitcoin\src\utility\trezor\memzero.c
c:\Users\anon\Desktop\GUI\src\uBitcoin\src\utility\trezor\pbkdf2.c
c:\Users\anon\Desktop\GUI\src\uBitcoin\src\utility\trezor\rand.c
c:\Users\anon\Desktop\GUI\src\uBitcoin\src\utility\trezor\rfc6979.c
c:\Users\anon\Desktop\GUI\src\uBitcoin\src\utility\trezor\ripemd160.c
c:\Users\anon\Desktop\GUI\src\uBitcoin\src\utility\trezor\secp256k1.c
c:\Users\anon\Desktop\GUI\src\uBitcoin\src\utility\trezor\sha2.c
c:\Users\anon\Desktop\GUI\src\uBitcoin\src\utility\trezor\sha3.c
c:\Users\anon\Desktop\GUI\src\uBitcoin\src\utility\trezor\chacha20poly1305\chacha_merged.c
c:\Users\anon\Desktop\GUI\src\tiny-AES-c\aes.c
c:\Users\anon\Desktop\GUI\src\tiny-AES-c\pkcs7_padding.c
c:\Users\anon\Desktop\GUI\src\reedsolomon-c\rs.c
c:\Users\anon\Desktop\GUI\src\QRCode\qrcode.c
